#
# There is insufficient memory for the Java Runtime Environment to continue.
# Native memory allocation (malloc) failed to allocate 697296 bytes for Chunk::new
# Possible reasons:
#   The system is out of physical RAM or swap space
#   The process is running with CompressedOops enabled, and the Java Heap may be blocking the growth of the native heap
# Possible solutions:
#   Reduce memory load on the system
#   Increase physical memory or swap space
#   Check if swap backing store is full
#   Decrease Java heap size (-Xmx/-Xms)
#   Decrease number of Java threads
#   Decrease Java thread stack sizes (-Xss)
#   Set larger code cache with -XX:ReservedCodeCacheSize=
#   JVM is running with Unscaled Compressed Oops mode in which the Java heap is
#     placed in the first 4GB address space. The Java Heap base address is the
#     maximum limit for the native heap growth. Please use -XX:HeapBaseMinAddress
#     to set the Java Heap base and to place the Java Heap above 4GB virtual address.
# This output file may be truncated or incomplete.
#
#  Out of Memory Error (allocation.cpp:390), pid=11568, tid=0x000000000000f964
#
# JRE version: Java(TM) SE Runtime Environment (8.0_201-b09) (build 1.8.0_201-b09)
# Java VM: Java HotSpot(TM) 64-Bit Server VM (25.201-b09 mixed mode windows-amd64 compressed oops)
# Failed to write core dump. Minidumps are not enabled by default on client versions of Windows
#

---------------  T H R E A D  ---------------

Current thread (0x0000000016264000):  JavaThread "C2 CompilerThread1" daemon [_thread_in_native, id=63844, stack(0x0000000016fc0000,0x00000000170c0000)]

Stack: [0x0000000016fc0000,0x00000000170c0000]
[error occurred during error reporting (printing stack bounds), id 0xc0000005]

Native frames: (J=compiled Java code, j=interpreted, Vv=VM code, C=native code)


Current CompileTask:
C2:  20001 2423       4       freemarker.core.FMParserTokenManager::TokenLexicalActions (5542 bytes)


---------------  P R O C E S S  ---------------

Java Threads: ( => current thread )
  0x0000000018b04800 JavaThread "AWT-Shutdown" [_thread_blocked, id=34760, stack(0x000000001ed40000,0x000000001ee40000)]
  0x0000000018b0b000 JavaThread "Thread-4" daemon [_thread_in_native, id=66464, stack(0x000000001ec40000,0x000000001ed40000)]
  0x0000000018b09800 JavaThread "Java2D Disposer" daemon [_thread_blocked, id=59632, stack(0x000000001bcb0000,0x000000001bdb0000)]
  0x0000000016467000 JavaThread "Okio Watchdog" daemon [_thread_blocked, id=65944, stack(0x000000001b700000,0x000000001b800000)]
  0x0000000016466000 JavaThread "OkHttp ConnectionPool" daemon [_thread_blocked, id=42696, stack(0x000000001b600000,0x000000001b700000)]
  0x0000000019950800 JavaThread "Exec Stream Pumper" daemon [_thread_in_native, id=43232, stack(0x000000001b200000,0x000000001b300000)]
  0x000000001994f800 JavaThread "Exec Stream Pumper" daemon [_thread_in_native, id=66268, stack(0x000000001b100000,0x000000001b200000)]
  0x0000000019b80800 JavaThread "UrlChecker-2" daemon [_thread_blocked, id=61140, stack(0x000000001b000000,0x000000001b100000)]
  0x0000000019b7d800 JavaThread "Exec Default Executor" daemon [_thread_in_native, id=19304, stack(0x00000000195d0000,0x00000000196d0000)]
  0x00000000162f3800 JavaThread "Service Thread" daemon [_thread_blocked, id=65836, stack(0x00000000172c0000,0x00000000173c0000)]
  0x0000000016267800 JavaThread "C1 CompilerThread3" daemon [_thread_blocked, id=43728, stack(0x00000000171c0000,0x00000000172c0000)]
  0x0000000016264800 JavaThread "C2 CompilerThread2" daemon [_thread_blocked, id=66496, stack(0x00000000170c0000,0x00000000171c0000)]
=>0x0000000016264000 JavaThread "C2 CompilerThread1" daemon [_thread_in_native, id=63844, stack(0x0000000016fc0000,0x00000000170c0000)]
  0x0000000016253800 JavaThread "C2 CompilerThread0" daemon [_thread_in_native, id=40756, stack(0x0000000016ec0000,0x0000000016fc0000)]
  0x0000000016245800 JavaThread "JDWP Command Reader" daemon [_thread_in_native, id=20608, stack(0x0000000016dc0000,0x0000000016ec0000)]
  0x0000000016242800 JavaThread "JDWP Event Helper Thread" daemon [_thread_blocked, id=59008, stack(0x0000000016cc0000,0x0000000016dc0000)]
  0x0000000016232000 JavaThread "JDWP Transport Listener: dt_socket" daemon [_thread_blocked, id=61768, stack(0x0000000016bc0000,0x0000000016cc0000)]
  0x0000000016222000 JavaThread "Attach Listener" daemon [_thread_blocked, id=14072, stack(0x0000000016ac0000,0x0000000016bc0000)]
  0x0000000016221000 JavaThread "Signal Dispatcher" daemon [_thread_blocked, id=34204, stack(0x00000000169c0000,0x0000000016ac0000)]
  0x00000000143be000 JavaThread "Finalizer" daemon [_thread_blocked, id=27168, stack(0x0000000016680000,0x0000000016780000)]
  0x00000000161a0800 JavaThread "Reference Handler" daemon [_thread_blocked, id=34892, stack(0x0000000016580000,0x0000000016680000)]
  0x0000000002b03800 JavaThread "main" [_thread_blocked, id=65892, stack(0x0000000002930000,0x0000000002a30000)]

Other Threads:
  0x00000000143b9800 VMThread [stack: 0x0000000016080000,0x0000000016180000] [id=66148]
  0x000000001634b000 WatcherThread [stack: 0x00000000173c0000,0x00000000174c0000] [id=66172]

VM state:not at safepoint (normal execution)

VM Mutex/Monitor currently owned by a thread: None

OutOfMemory and StackOverflow Exception counts:
OutOfMemoryError java_heap_errors=1

heap address: 0x00000000e0000000, size: 512 MB, Compressed Oops mode: 32-bit
Narrow klass base: 0x0000000000000000, Narrow klass shift: 3
Compressed class space size: 1073741824 Address: 0x0000000100000000

Heap:
 PSYoungGen      total 76288K, used 8310K [0x00000000f5580000, 0x00000000faa80000, 0x0000000100000000)
  eden space 65536K, 5% used [0x00000000f5580000,0x00000000f58c2170,0x00000000f9580000)
  from space 10752K, 46% used [0x00000000fa000000,0x00000000fa4db948,0x00000000faa80000)
  to   space 10752K, 0% used [0x00000000f9580000,0x00000000f9580000,0x00000000fa000000)
 ParOldGen       total 119296K, used 9998K [0x00000000e0000000, 0x00000000e7480000, 0x00000000f5580000)
  object space 119296K, 8% used [0x00000000e0000000,0x00000000e09c3b48,0x00000000e7480000)
 Metaspace       used 30302K, capacity 31463K, committed 31616K, reserved 1077248K
  class space    used 3916K, capacity 4184K, committed 4224K, reserved 1048576K

Card table byte_map: [0x0000000011fc0000,0x00000000120d0000] byte_map_base: 0x00000000118c0000

Marking Bits: (ParMarkBitMap*) 0x000000005b4a4ce0
 Begin Bits: [0x00000000128d0000, 0x00000000130d0000)
 End Bits:   [0x00000000130d0000, 0x00000000138d0000)

Polling page: 0x0000000001100000

CodeCache: size=245760Kb used=7986Kb max_used=8010Kb free=237773Kb
 bounds [0x0000000002c00000, 0x00000000033f0000, 0x0000000011c00000]
 total_blobs=2728 nmethods=2181 adapters=467
 compilation: enabled

Compilation events (10 events):
Event: 19.943 Thread 0x0000000016267800 nmethod 2443 0x0000000002d81390 code [0x0000000002d81560, 0x0000000002d81db8]
Event: 19.943 Thread 0x0000000016267800 2444       3       java.util.logging.LogManager$LoggerContext::ensureDefaultLogger (70 bytes)
Event: 19.944 Thread 0x0000000016267800 nmethod 2444 0x0000000002e2b710 code [0x0000000002e2b8c0, 0x0000000002e2c168]
Event: 19.950 Thread 0x0000000016264000 nmethod 2407 0x00000000033d5650 code [0x00000000033d59c0, 0x00000000033d7a70]
Event: 19.950 Thread 0x0000000016264000 2424       4       freemarker.core.FMParser::jj_consume_token (170 bytes)
Event: 19.955 Thread 0x0000000016264000 nmethod 2424 0x0000000002dcfbd0 code [0x0000000002dcfd40, 0x0000000002dd00a8]
Event: 19.955 Thread 0x0000000016264000 2408       4       freemarker.core.FMParserTokenManager::jjFillToken (97 bytes)
Event: 19.969 Thread 0x0000000016264000 nmethod 2408 0x0000000002d7f8d0 code [0x0000000002d7fac0, 0x0000000002d80780]
Event: 19.970 Thread 0x0000000016264000 2423       4       freemarker.core.FMParserTokenManager::TokenLexicalActions (5542 bytes)
Event: 19.982 Thread 0x0000000016264800 nmethod 2403 0x00000000033decd0 code [0x00000000033df980, 0x00000000033e3460]

GC Heap History (10 events):
Event: 2.211 GC heap before
{Heap before GC invocations=1 (full 0):
 PSYoungGen      total 76288K, used 65536K [0x00000000f5580000, 0x00000000faa80000, 0x0000000100000000)
  eden space 65536K, 100% used [0x00000000f5580000,0x00000000f9580000,0x00000000f9580000)
  from space 10752K, 0% used [0x00000000fa000000,0x00000000fa000000,0x00000000faa80000)
  to   space 10752K, 0% used [0x00000000f9580000,0x00000000f9580000,0x00000000fa000000)
 ParOldGen       total 175104K, used 0K [0x00000000e0000000, 0x00000000eab00000, 0x00000000f5580000)
  object space 175104K, 0% used [0x00000000e0000000,0x00000000e0000000,0x00000000eab00000)
 Metaspace       used 13378K, capacity 13644K, committed 13824K, reserved 1060864K
  class space    used 1602K, capacity 1684K, committed 1792K, reserved 1048576K
Event: 2.218 GC heap after
Heap after GC invocations=1 (full 0):
 PSYoungGen      total 76288K, used 8438K [0x00000000f5580000, 0x00000000faa80000, 0x0000000100000000)
  eden space 65536K, 0% used [0x00000000f5580000,0x00000000f5580000,0x00000000f9580000)
  from space 10752K, 78% used [0x00000000f9580000,0x00000000f9dbd8a0,0x00000000fa000000)
  to   space 10752K, 0% used [0x00000000fa000000,0x00000000fa000000,0x00000000faa80000)
 ParOldGen       total 175104K, used 16K [0x00000000e0000000, 0x00000000eab00000, 0x00000000f5580000)
  object space 175104K, 0% used [0x00000000e0000000,0x00000000e0004000,0x00000000eab00000)
 Metaspace       used 13378K, capacity 13644K, committed 13824K, reserved 1060864K
  class space    used 1602K, capacity 1684K, committed 1792K, reserved 1048576K
}
Event: 4.297 GC heap before
{Heap before GC invocations=2 (full 0):
 PSYoungGen      total 76288K, used 66743K [0x00000000f5580000, 0x00000000faa80000, 0x0000000100000000)
  eden space 65536K, 88% used [0x00000000f5580000,0x00000000f8e70408,0x00000000f9580000)
  from space 10752K, 78% used [0x00000000f9580000,0x00000000f9dbd8a0,0x00000000fa000000)
  to   space 10752K, 0% used [0x00000000fa000000,0x00000000fa000000,0x00000000faa80000)
 ParOldGen       total 175104K, used 16K [0x00000000e0000000, 0x00000000eab00000, 0x00000000f5580000)
  object space 175104K, 0% used [0x00000000e0000000,0x00000000e0004000,0x00000000eab00000)
 Metaspace       used 20599K, capacity 21210K, committed 21296K, reserved 1069056K
  class space    used 2569K, capacity 2749K, committed 2816K, reserved 1048576K
Event: 4.305 GC heap after
Heap after GC invocations=2 (full 0):
 PSYoungGen      total 76288K, used 10334K [0x00000000f5580000, 0x00000000faa80000, 0x0000000100000000)
  eden space 65536K, 0% used [0x00000000f5580000,0x00000000f5580000,0x00000000f9580000)
  from space 10752K, 96% used [0x00000000fa000000,0x00000000faa17870,0x00000000faa80000)
  to   space 10752K, 0% used [0x00000000f9580000,0x00000000f9580000,0x00000000fa000000)
 ParOldGen       total 175104K, used 32K [0x00000000e0000000, 0x00000000eab00000, 0x00000000f5580000)
  object space 175104K, 0% used [0x00000000e0000000,0x00000000e0008000,0x00000000eab00000)
 Metaspace       used 20599K, capacity 21210K, committed 21296K, reserved 1069056K
  class space    used 2569K, capacity 2749K, committed 2816K, reserved 1048576K
}
Event: 4.306 GC heap before
{Heap before GC invocations=3 (full 1):
 PSYoungGen      total 76288K, used 10334K [0x00000000f5580000, 0x00000000faa80000, 0x0000000100000000)
  eden space 65536K, 0% used [0x00000000f5580000,0x00000000f5580000,0x00000000f9580000)
  from space 10752K, 96% used [0x00000000fa000000,0x00000000faa17870,0x00000000faa80000)
  to   space 10752K, 0% used [0x00000000f9580000,0x00000000f9580000,0x00000000fa000000)
 ParOldGen       total 175104K, used 32K [0x00000000e0000000, 0x00000000eab00000, 0x00000000f5580000)
  object space 175104K, 0% used [0x00000000e0000000,0x00000000e0008000,0x00000000eab00000)
 Metaspace       used 20599K, capacity 21210K, committed 21296K, reserved 1069056K
  class space    used 2569K, capacity 2749K, committed 2816K, reserved 1048576K
Event: 4.335 GC heap after
Heap after GC invocations=3 (full 1):
 PSYoungGen      total 76288K, used 0K [0x00000000f5580000, 0x00000000faa80000, 0x0000000100000000)
  eden space 65536K, 0% used [0x00000000f5580000,0x00000000f5580000,0x00000000f9580000)
  from space 10752K, 0% used [0x00000000fa000000,0x00000000fa000000,0x00000000faa80000)
  to   space 10752K, 0% used [0x00000000f9580000,0x00000000f9580000,0x00000000fa000000)
 ParOldGen       total 119296K, used 9982K [0x00000000e0000000, 0x00000000e7480000, 0x00000000f5580000)
  object space 119296K, 8% used [0x00000000e0000000,0x00000000e09bfb48,0x00000000e7480000)
 Metaspace       used 20599K, capacity 21210K, committed 21296K, reserved 1069056K
  class space    used 2569K, capacity 2749K, committed 2816K, reserved 1048576K
}
Event: 16.143 GC heap before
{Heap before GC invocations=4 (full 1):
 PSYoungGen      total 76288K, used 57102K [0x00000000f5580000, 0x00000000faa80000, 0x0000000100000000)
  eden space 65536K, 87% used [0x00000000f5580000,0x00000000f8d43b28,0x00000000f9580000)
  from space 10752K, 0% used [0x00000000fa000000,0x00000000fa000000,0x00000000faa80000)
  to   space 10752K, 0% used [0x00000000f9580000,0x00000000f9580000,0x00000000fa000000)
 ParOldGen       total 119296K, used 9982K [0x00000000e0000000, 0x00000000e7480000, 0x00000000f5580000)
  object space 119296K, 8% used [0x00000000e0000000,0x00000000e09bfb48,0x00000000e7480000)
 Metaspace       used 26996K, capacity 27998K, committed 28032K, reserved 1073152K
  class space    used 3438K, capacity 3685K, committed 3712K, reserved 1048576K
Event: 16.147 GC heap after
Heap after GC invocations=4 (full 1):
 PSYoungGen      total 76288K, used 4177K [0x00000000f5580000, 0x00000000faa80000, 0x0000000100000000)
  eden space 65536K, 0% used [0x00000000f5580000,0x00000000f5580000,0x00000000f9580000)
  from space 10752K, 38% used [0x00000000f9580000,0x00000000f99947c8,0x00000000fa000000)
  to   space 10752K, 0% used [0x00000000fa000000,0x00000000fa000000,0x00000000faa80000)
 ParOldGen       total 119296K, used 9990K [0x00000000e0000000, 0x00000000e7480000, 0x00000000f5580000)
  object space 119296K, 8% used [0x00000000e0000000,0x00000000e09c1b48,0x00000000e7480000)
 Metaspace       used 26996K, capacity 27998K, committed 28032K, reserved 1073152K
  class space    used 3438K, capacity 3685K, committed 3712K, reserved 1048576K
}
Event: 19.928 GC heap before
{Heap before GC invocations=5 (full 1):
 PSYoungGen      total 76288K, used 69713K [0x00000000f5580000, 0x00000000faa80000, 0x0000000100000000)
  eden space 65536K, 100% used [0x00000000f5580000,0x00000000f9580000,0x00000000f9580000)
  from space 10752K, 38% used [0x00000000f9580000,0x00000000f99947c8,0x00000000fa000000)
  to   space 10752K, 0% used [0x00000000fa000000,0x00000000fa000000,0x00000000faa80000)
 ParOldGen       total 119296K, used 9990K [0x00000000e0000000, 0x00000000e7480000, 0x00000000f5580000)
  object space 119296K, 8% used [0x00000000e0000000,0x00000000e09c1b48,0x00000000e7480000)
 Metaspace       used 30281K, capacity 31399K, committed 31616K, reserved 1077248K
  class space    used 3914K, capacity 4184K, committed 4224K, reserved 1048576K
Event: 19.934 GC heap after
Heap after GC invocations=5 (full 1):
 PSYoungGen      total 76288K, used 4974K [0x00000000f5580000, 0x00000000faa80000, 0x0000000100000000)
  eden space 65536K, 0% used [0x00000000f5580000,0x00000000f5580000,0x00000000f9580000)
  from space 10752K, 46% used [0x00000000fa000000,0x00000000fa4db948,0x00000000faa80000)
  to   space 10752K, 0% used [0x00000000f9580000,0x00000000f9580000,0x00000000fa000000)
 ParOldGen       total 119296K, used 9998K [0x00000000e0000000, 0x00000000e7480000, 0x00000000f5580000)
  object space 119296K, 8% used [0x00000000e0000000,0x00000000e09c3b48,0x00000000e7480000)
 Metaspace       used 30281K, capacity 31399K, committed 31616K, reserved 1077248K
  class space    used 3914K, capacity 4184K, committed 4224K, reserved 1048576K
}

Deoptimization events (10 events):
Event: 13.279 Thread 0x0000000017d4e800 Uncommon trap: reason=class_check action=maybe_recompile pc=0x00000000030f84f8 method=java.util.concurrent.ConcurrentHashMap.putVal(Ljava/lang/Object;Ljava/lang/Object;Z)Ljava/lang/Object; @ 192
Event: 13.279 Thread 0x0000000017d4e800 Uncommon trap: reason=unstable_if action=reinterpret pc=0x0000000002fa3b8c method=java.util.concurrent.ConcurrentHashMap.get(Ljava/lang/Object;)Ljava/lang/Object; @ 152
Event: 13.493 Thread 0x0000000017d4e800 Uncommon trap: reason=unstable_if action=reinterpret pc=0x0000000003181134 method=sun.net.www.ParseUtil.encodePath(Ljava/lang/String;Z)Ljava/lang/String; @ 109
Event: 13.597 Thread 0x0000000017d4e800 Uncommon trap: reason=unstable_if action=reinterpret pc=0x0000000002f53780 method=java.io.WinNTFileSystem.isLetter(C)Z @ 3
Event: 13.656 Thread 0x0000000018b05000 Uncommon trap: reason=class_check action=maybe_recompile pc=0x000000000327c1e4 method=java.util.zip.InflaterInputStream.read([BII)I @ 100
Event: 13.663 Thread 0x0000000018b05000 Uncommon trap: reason=class_check action=maybe_recompile pc=0x000000000327c1e4 method=java.util.zip.InflaterInputStream.read([BII)I @ 100
Event: 13.689 Thread 0x0000000018b05000 Uncommon trap: reason=class_check action=maybe_recompile pc=0x000000000327c1e4 method=java.util.zip.InflaterInputStream.read([BII)I @ 100
Event: 13.690 Thread 0x0000000018b05000 Uncommon trap: reason=class_check action=maybe_recompile pc=0x000000000327c1e4 method=java.util.zip.InflaterInputStream.read([BII)I @ 100
Event: 14.020 Thread 0x0000000017d4e800 Uncommon trap: reason=unstable_if action=reinterpret pc=0x0000000003240548 method=java.util.HashMap$HashIterator.<init>(Ljava/util/HashMap;)V @ 45
Event: 19.270 Thread 0x000000001849b000 Uncommon trap: reason=bimorphic action=maybe_recompile pc=0x0000000002f82528 method=java.io.DataOutputStream.writeShort(I)V @ 12

Classes redefined (0 events):
No events

Internal exceptions (10 events):
Event: 19.871 Thread 0x0000000017d4e800 Exception <a 'java/lang/ClassNotFoundException': com/aventstack/extentreports/viewdefs/IconBeanInfo> (0x00000000f91e5198) thrown at [C:\re\workspace\8-2-build-windows-amd64-cygwin\jdk8u201\12322\hotspot\src\share\vm\classfile\systemDictionary.cpp, line 21
Event: 19.872 Thread 0x0000000017d4e800 Exception <a 'java/lang/ClassNotFoundException': com/aventstack/extentreports/viewdefs/IconCustomizer> (0x00000000f9202ca0) thrown at [C:\re\workspace\8-2-build-windows-amd64-cygwin\jdk8u201\12322\hotspot\src\share\vm\classfile\systemDictionary.cpp, line 
Event: 19.874 Thread 0x0000000017d4e800 Exception <a 'java/lang/ClassNotFoundException': com/aventstack/extentreports/model/ScreenCaptureBeanInfo> (0x00000000f92289b8) thrown at [C:\re\workspace\8-2-build-windows-amd64-cygwin\jdk8u201\12322\hotspot\src\share\vm\classfile\systemDictionary.cpp, l
Event: 19.875 Thread 0x0000000017d4e800 Exception <a 'java/lang/ClassNotFoundException': com/aventstack/extentreports/model/MediaBeanInfo> (0x00000000f9244678) thrown at [C:\re\workspace\8-2-build-windows-amd64-cygwin\jdk8u201\12322\hotspot\src\share\vm\classfile\systemDictionary.cpp, line 210]
Event: 19.875 Thread 0x0000000017d4e800 Exception <a 'java/lang/ClassNotFoundException': com/aventstack/extentreports/model/MediaCustomizer> (0x00000000f92603e0) thrown at [C:\re\workspace\8-2-build-windows-amd64-cygwin\jdk8u201\12322\hotspot\src\share\vm\classfile\systemDictionary.cpp, line 21
Event: 19.876 Thread 0x0000000017d4e800 Exception <a 'java/lang/ClassNotFoundException': com/aventstack/extentreports/model/ScreenCaptureCustomizer> (0x00000000f92956f8) thrown at [C:\re\workspace\8-2-build-windows-amd64-cygwin\jdk8u201\12322\hotspot\src\share\vm\classfile\systemDictionary.cpp,
Event: 19.912 Thread 0x0000000017d4e800 Exception <a 'java/lang/ClassNotFoundException': com/aventstack/extentreports/model/SystemAttributeBeanInfo> (0x00000000f942bbc0) thrown at [C:\re\workspace\8-2-build-windows-amd64-cygwin\jdk8u201\12322\hotspot\src\share\vm\classfile\systemDictionary.cpp,
Event: 19.913 Thread 0x0000000017d4e800 Exception <a 'java/lang/ClassNotFoundException': com/aventstack/extentreports/model/AttributeBeanInfo> (0x00000000f9448df0) thrown at [C:\re\workspace\8-2-build-windows-amd64-cygwin\jdk8u201\12322\hotspot\src\share\vm\classfile\systemDictionary.cpp, line 
Event: 19.914 Thread 0x0000000017d4e800 Exception <a 'java/lang/ClassNotFoundException': com/aventstack/extentreports/model/AttributeCustomizer> (0x00000000f9466668) thrown at [C:\re\workspace\8-2-build-windows-amd64-cygwin\jdk8u201\12322\hotspot\src\share\vm\classfile\systemDictionary.cpp, lin
Event: 19.916 Thread 0x0000000017d4e800 Exception <a 'java/lang/ClassNotFoundException': com/aventstack/extentreports/model/SystemAttributeCustomizer> (0x00000000f948bd40) thrown at [C:\re\workspace\8-2-build-windows-amd64-cygwin\jdk8u201\12322\hotspot\src\share\vm\classfile\systemDictionary.cp

Events (10 events):
Event: 19.944 Thread 0x0000000018b05000 Thread exited: 0x0000000018b05000
Event: 19.945 Thread 0x0000000018b04800 Thread added: 0x0000000018b04800
Event: 19.946 Executing VM operation: RevokeBias
Event: 19.946 Executing VM operation: RevokeBias done
Event: 19.946 Thread 0x0000000018b07800 Thread exited: 0x0000000018b07800
Event: 19.950 Thread 0x0000000016264000 flushing nmethod 0x0000000002f01390
Event: 19.950 Thread 0x0000000016264000 flushing nmethod 0x0000000002f0b350
Event: 19.955 Thread 0x0000000016264000 flushing nmethod 0x0000000002f7b210
Event: 19.955 Thread 0x0000000016264000 flushing nmethod 0x0000000002f8cb10
Event: 19.983 Thread 0x0000000016264800 flushing nmethod 0x0000000003072d10


Dynamic libraries:
0x00007ff79f5b0000 - 0x00007ff79f5e7000 	C:\Program Files\java\jdk1.8.0_201\bin\java.exe
0x00007ffb9d480000 - 0x00007ffb9d66d000 	C:\WINDOWS\SYSTEM32\ntdll.dll
0x00007ffb67ac0000 - 0x00007ffb67ad4000 	C:\Program Files\AVG\Antivirus\aswhook.dll
0x00007ffb9aa50000 - 0x00007ffb9ab03000 	C:\WINDOWS\System32\KERNEL32.DLL
0x00007ffb99ff0000 - 0x00007ffb9a283000 	C:\WINDOWS\System32\KERNELBASE.dll
0x00007ffb9c160000 - 0x00007ffb9c203000 	C:\WINDOWS\System32\ADVAPI32.dll
0x00007ffb9cc30000 - 0x00007ffb9ccce000 	C:\WINDOWS\System32\msvcrt.dll
0x00007ffb9c0c0000 - 0x00007ffb9c15e000 	C:\WINDOWS\System32\sechost.dll
0x00007ffb9a750000 - 0x00007ffb9a872000 	C:\WINDOWS\System32\RPCRT4.dll
0x00007ffb9a880000 - 0x00007ffb9aa17000 	C:\WINDOWS\System32\USER32.dll
0x00007ffb9a3e0000 - 0x00007ffb9a400000 	C:\WINDOWS\System32\win32u.dll
0x00007ffb9aa20000 - 0x00007ffb9aa49000 	C:\WINDOWS\System32\GDI32.dll
0x00007ffb9a400000 - 0x00007ffb9a599000 	C:\WINDOWS\System32\gdi32full.dll
0x00007ffb99540000 - 0x00007ffb995e0000 	C:\WINDOWS\System32\msvcp_win.dll
0x00007ffb9a2e0000 - 0x00007ffb9a3da000 	C:\WINDOWS\System32\ucrtbase.dll
0x00007ffb83c90000 - 0x00007ffb83f09000 	C:\WINDOWS\WinSxS\amd64_microsoft.windows.common-controls_6595b64144ccf1df_6.0.17763.914_none_05b346b2072102f2\COMCTL32.dll
0x00007ffb9c900000 - 0x00007ffb9cc2c000 	C:\WINDOWS\System32\combase.dll
0x00007ffb9a600000 - 0x00007ffb9a67e000 	C:\WINDOWS\System32\bcryptPrimitives.dll
0x00007ffb9c530000 - 0x00007ffb9c55e000 	C:\WINDOWS\System32\IMM32.DLL
0x000000005b530000 - 0x000000005b601000 	C:\Program Files\java\jdk1.8.0_201\jre\bin\msvcr100.dll
0x000000005ac80000 - 0x000000005b524000 	C:\Program Files\java\jdk1.8.0_201\jre\bin\server\jvm.dll
0x00007ffb9d420000 - 0x00007ffb9d428000 	C:\WINDOWS\System32\PSAPI.DLL
0x00007ffb85b30000 - 0x00007ffb85b39000 	C:\WINDOWS\SYSTEM32\WSOCK32.dll
0x00007ffb9ccd0000 - 0x00007ffb9cd3d000 	C:\WINDOWS\System32\WS2_32.dll
0x00007ffb94ab0000 - 0x00007ffb94ad4000 	C:\WINDOWS\SYSTEM32\WINMM.dll
0x00007ffb8cdd0000 - 0x00007ffb8cdda000 	C:\WINDOWS\SYSTEM32\VERSION.dll
0x00007ffb948a0000 - 0x00007ffb948cd000 	C:\WINDOWS\SYSTEM32\WINMMBASE.dll
0x00007ffb9a290000 - 0x00007ffb9a2da000 	C:\WINDOWS\System32\cfgmgr32.dll
0x00007ffb887a0000 - 0x00007ffb887af000 	C:\Program Files\java\jdk1.8.0_201\jre\bin\verify.dll
0x00007ffb719e0000 - 0x00007ffb71a09000 	C:\Program Files\java\jdk1.8.0_201\jre\bin\java.dll
0x00007ffb71dd0000 - 0x00007ffb71e05000 	C:\Program Files\java\jdk1.8.0_201\jre\bin\jdwp.dll
0x00007ffb93020000 - 0x00007ffb93028000 	C:\Program Files\java\jdk1.8.0_201\jre\bin\npt.dll
0x00007ffb86f80000 - 0x00007ffb86f96000 	C:\Program Files\java\jdk1.8.0_201\jre\bin\zip.dll
0x00007ffb9abc0000 - 0x00007ffb9c0b4000 	C:\WINDOWS\System32\SHELL32.dll
0x00007ffb9a6a0000 - 0x00007ffb9a748000 	C:\WINDOWS\System32\shcore.dll
0x00007ffb99610000 - 0x00007ffb99d5d000 	C:\WINDOWS\System32\windows.storage.dll
0x00007ffb99510000 - 0x00007ffb99534000 	C:\WINDOWS\System32\profapi.dll
0x00007ffb994b0000 - 0x00007ffb9950d000 	C:\WINDOWS\System32\powrprof.dll
0x00007ffb9ce80000 - 0x00007ffb9ced2000 	C:\WINDOWS\System32\shlwapi.dll
0x00007ffb99470000 - 0x00007ffb99481000 	C:\WINDOWS\System32\kernel.appcore.dll
0x00007ffb9a680000 - 0x00007ffb9a697000 	C:\WINDOWS\System32\cryptsp.dll
0x00007ffb93000000 - 0x00007ffb93009000 	C:\Program Files\java\jdk1.8.0_201\jre\bin\dt_socket.dll
0x00007ffb98c30000 - 0x00007ffb98c97000 	C:\WINDOWS\system32\mswsock.dll
0x00007ffb71000000 - 0x00007ffb7101a000 	C:\Program Files\java\jdk1.8.0_201\jre\bin\net.dll
0x00007ffb86660000 - 0x00007ffb86837000 	C:\WINDOWS\SYSTEM32\urlmon.dll
0x00007ffb863b0000 - 0x00007ffb86658000 	C:\WINDOWS\SYSTEM32\iertutil.dll
0x00007ffb98db0000 - 0x00007ffb98dbc000 	C:\WINDOWS\SYSTEM32\CRYPTBASE.DLL
0x00007ffb70d70000 - 0x00007ffb70d81000 	C:\Program Files\java\jdk1.8.0_201\jre\bin\nio.dll
0x00007ffb987c0000 - 0x00007ffb987f3000 	C:\WINDOWS\system32\rsaenh.dll
0x00007ffb995e0000 - 0x00007ffb99606000 	C:\WINDOWS\System32\bcrypt.dll
0x00007ffb993a0000 - 0x00007ffb993c8000 	C:\WINDOWS\SYSTEM32\USERENV.dll
0x00007ffb98960000 - 0x00007ffb9899d000 	C:\WINDOWS\SYSTEM32\IPHLPAPI.DLL
0x00007ffb9ce70000 - 0x00007ffb9ce78000 	C:\WINDOWS\System32\NSI.dll
0x00007ffb8ce50000 - 0x00007ffb8ce66000 	C:\WINDOWS\SYSTEM32\dhcpcsvc6.DLL
0x00007ffb8ce30000 - 0x00007ffb8ce4c000 	C:\WINDOWS\SYSTEM32\dhcpcsvc.DLL
0x00007ffb989a0000 - 0x00007ffb98a66000 	C:\WINDOWS\SYSTEM32\DNSAPI.dll
0x00007ffb71a20000 - 0x00007ffb71a44000 	C:\Program Files\java\jdk1.8.0_201\jre\bin\sunec.dll
0x00007ffb86840000 - 0x00007ffb8684a000 	C:\Windows\System32\rasadhlp.dll
0x00007ffb875c0000 - 0x00007ffb87639000 	C:\WINDOWS\System32\fwpuclnt.dll
0x00007ffb93050000 - 0x00007ffb9305b000 	C:\Program Files\java\jdk1.8.0_201\jre\bin\sunmscapi.dll
0x00007ffb99d60000 - 0x00007ffb99f3b000 	C:\WINDOWS\System32\CRYPT32.dll
0x00007ffb99490000 - 0x00007ffb994a2000 	C:\WINDOWS\System32\MSASN1.dll
0x00007ffb58f80000 - 0x00007ffb59119000 	C:\Program Files\java\jdk1.8.0_201\jre\bin\awt.dll
0x00007ffb9c830000 - 0x00007ffb9c8f4000 	C:\WINDOWS\System32\OLEAUT32.dll
0x00007ffb971d0000 - 0x00007ffb9725c000 	C:\WINDOWS\SYSTEM32\apphelp.dll
0x00007ffb97690000 - 0x00007ffb9772c000 	C:\WINDOWS\system32\uxtheme.dll
0x00007ffb9c560000 - 0x00007ffb9c6cc000 	C:\WINDOWS\System32\MSCTF.dll
0x00007ffb97760000 - 0x00007ffb9778e000 	C:\WINDOWS\system32\dwmapi.dll
0x00007ffb9c6d0000 - 0x00007ffb9c825000 	C:\WINDOWS\System32\ole32.dll
0x00007ffb62410000 - 0x00007ffb62537000 	C:\WINDOWS\system32\opengl32.dll
0x00007ffb64510000 - 0x00007ffb6453c000 	C:\WINDOWS\SYSTEM32\GLU32.dll
0x00007ffb6c8f0000 - 0x00007ffb6c906000 	C:\WINDOWS\system32\napinsp.dll
0x00007ffb6c8d0000 - 0x00007ffb6c8ea000 	C:\WINDOWS\system32\pnrpnsp.dll
0x00007ffb6c0c0000 - 0x00007ffb6c0ce000 	C:\WINDOWS\System32\winrnr.dll
0x00007ffb92eb0000 - 0x00007ffb92ecb000 	C:\WINDOWS\system32\NLAapi.dll
0x00007ffb8d240000 - 0x00007ffb8d255000 	C:\WINDOWS\system32\wshbth.dll
0x00007ffb86e70000 - 0x00007ffb86e7d000 	C:\Program Files\java\jdk1.8.0_201\jre\bin\management.dll

VM Arguments:
jvm_args: -Dallure.results.directory=D:\Projects\JobTests\AttentiTestGuiAndApi\build\allure-results -Djava.security.manager=worker.org.gradle.process.internal.worker.child.BootstrapSecurityManager -Dorg.gradle.native=false -agentlib:jdwp=transport=dt_socket,server=n,suspend=y,address=62784 -Xmx512m -Dfile.encoding=windows-1252 -Duser.country=ID -Duser.language=en -Duser.variant -ea 
java_command: worker.org.gradle.process.internal.worker.GradleWorkerMain 'Gradle Test Executor 102'
java_class_path (initial): C:\Users\AmielShlomoZvi\.gradle\caches\6.0.1\workerMain\gradle-worker.jar
Launcher Type: SUN_STANDARD

Environment Variables:
JAVA_HOME=C:\Program Files\java\jdk-11.0.1
PATH=C:\ProgramData\DockerDesktop\version-bin;C:\Program Files\Docker\Docker\Resources\bin;C:\Program Files (x86)\Common Files\Oracle\Java\javapath;C:\Program Files (x86)\Intel\Intel(R) Management Engine Components\iCLS\;C:\Program Files\Intel\Intel(R) Management Engine Components\iCLS\;C:\Windows\system32;C:\Windows;C:\Windows\System32\Wbem;C:\Windows\System32\WindowsPowerShell\v1.0\;C:\Windows\System32\OpenSSH\;C:\Program Files (x86)\NVIDIA Corporation\PhysX\Common;C:\Program Files (x86)\Intel\Intel(R) Management Engine Components\DAL;C:\Program Files\Intel\Intel(R) Management Engine Components\DAL;C:\Program Files (x86)\Intel\Intel(R) Management Engine Components\IPT;C:\Program Files\Intel\Intel(R) Management Engine Components\IPT;C:\Program Files\Git\cmd;C:\PROGRA~2\Groovy\GROOVY~1.16\bin;C:\Program Files\java\jdk-11.0.1\bin;;C:\Program Files\NVIDIA Corporation\NVIDIA NvDLISR;C:\WINDOWS\system32;C:\WINDOWS;C:\WINDOWS\System32\Wbem;C:\WINDOWS\System32\WindowsPowerShell\v1.0\;C:\WINDOWS\System32\OpenSSH\;C:\Program Files (x86)\IVI Foundation\VISA\WinNT\Bin\;C:\Program Files\IVI Foundation\VISA\Win64\Bin\;C:\Program Files\nodejs\;C:\Users\AmielShlomoZvi\scoop\shims;C:\Users\AmielShlomoZvi\AppData\Local\Programs\Python\Python38\Scripts\;C:\Users\AmielShlomoZvi\AppData\Local\Programs\Python\Python38\;C:\Users\AmielShlomoZvi\AppData\Local\Microsoft\WindowsApps;C:\Program Files\JetBrains\IntelliJ IDEA Community Edition 2019.2.4\bin;C:\Program Files\JetBrains\PyCharm Community Edition 2019.2.4\bin;C:\Users\AmielShlomoZvi\AppData\Roaming\npm;C:\Users\AmielShlomoZvi\AppData\Local\Programs\Microsoft VS Code\bin;C:\Gradle\gradle-6.0.1\bin;C:\Program Files\TerraForm;
USERNAME=AmielShlomoZvi
OS=Windows_NT
PROCESSOR_IDENTIFIER=Intel64 Family 6 Model 142 Stepping 10, GenuineIntel



---------------  S Y S T E M  ---------------

OS: Windows 10.0 , 64 bit Build 17763 (10.0.17763.475)

CPU:total 8 (initial active 8) (4 cores per cpu, 2 threads per core) family 6 model 142 stepping 10, cmov, cx8, fxsr, mmx, sse, sse2, sse3, ssse3, sse4.1, sse4.2, popcnt, avx, avx2, aes, clmul, erms, 3dnowpref, lzcnt, ht, tsc, tscinvbit, bmi1, bmi2, adx

Memory: 4k page, physical 16657080k(458424k free), swap 47762684k(5132k free)

vm_info: Java HotSpot(TM) 64-Bit Server VM (25.201-b09) for windows-amd64 JRE (1.8.0_201-b09), built on Dec 15 2018 18:36:39 by "java_re" with MS VC++ 10.0 (VS2010)

time: Thu Jan 09 22:55:39 2020
timezone: Jerusalem Standard Time
elapsed time: 20 seconds (0d 0h 0m 20s)

